<?xml version="1.0" encoding="UTF-8"?>
<!-- Generated by org.testng.reporters.JUnitReportReporter -->
<testsuite skipped="0" hostname="INBGQT-LT-0460" name="com.poc.twitter.test.GET_statuses_home_timeline" tests="7" failures="0" timestamp="03 Jan 2019 13:13:11 GMT" time="0.399" errors="0">
  <testcase name="T05_Search_friends_count" time="0.009" classname="com.poc.twitter.test.GET_statuses_home_timeline"/>
  <testcase name="T06_Search_Statuses_count" time="0.008" classname="com.poc.twitter.test.GET_statuses_home_timeline"/>
  <testcase name="T04_Search_followers_count" time="0.012" classname="com.poc.twitter.test.GET_statuses_home_timeline"/>
  <testcase name="T01_SearchSource" time="0.341" classname="com.poc.twitter.test.GET_statuses_home_timeline"/>
  <testcase name="T03_Search_Name" time="0.012" classname="com.poc.twitter.test.GET_statuses_home_timeline"/>
  <testcase name="T02_Search_Screen_name" time="0.008" classname="com.poc.twitter.test.GET_statuses_home_timeline"/>
  <testcase name="T07_Search_Statuses_count" time="0.009" classname="com.poc.twitter.test.GET_statuses_home_timeline"/>
</testsuite> <!-- com.poc.twitter.test.GET_statuses_home_timeline -->
